<?xml version="1.0" encoding="UTF-8"?>
<!-- Generated by org.testng.reporters.JUnitReportReporter -->
<testsuite skipped="0" hostname="DESKTOP-T6FE9T1" name="testNG.concepts.TestNGPractice" tests="1" failures="0" timestamp="02 Nov 2020 05:32:40 GMT" time="7.877" errors="0">
  <testcase name="navigateToURL" time="7.877" classname="testNG.concepts.TestNGPractice"/>
</testsuite> <!-- testNG.concepts.TestNGPractice -->
