<?xml version="1.0" encoding="UTF-8"?>
<!-- Generated by org.testng.reporters.JUnitReportReporter -->
<testsuite skipped="1" hostname="DESKTOP-T6FE9T1" name="testNG.concepts.TestNGDataDrivenConcepts" tests="2" failures="0" timestamp="02 Nov 2020 20:19:19 GMT" time="0.012" errors="0">
  <testcase name="dataProviderExample" time="0.012" classname="testNG.concepts.TestNGDataDrivenConcepts"/>
  <testcase name="parametersExample" classname="testNG.concepts.TestNGDataDrivenConcepts">
    <skipped/>
  </testcase> <!-- parametersExample -->
</testsuite> <!-- testNG.concepts.TestNGDataDrivenConcepts -->
