<?xml version="1.0" encoding="UTF-8"?>
<!-- Generated by org.testng.reporters.JUnitReportReporter -->
<testsuite skipped="0" hostname="DESKTOP-T6FE9T1" name="testNG.concepts.TestNGGroups" tests="5" failures="0" timestamp="02 Nov 2020 04:17:37 GMT" time="0.024" errors="0">
  <testcase name="testSmoke" time="0.003" classname="testNG.concepts.TestNGGroups"/>
  <testcase name="testSmoke_three" time="0.005" classname="testNG.concepts.TestNGGroups"/>
  <testcase name="testRegression" time="0.009" classname="testNG.concepts.TestNGGroups"/>
  <testcase name="testRegression_two" time="0.002" classname="testNG.concepts.TestNGGroups"/>
  <testcase name="testSmoke_two" time="0.005" classname="testNG.concepts.TestNGGroups"/>
</testsuite> <!-- testNG.concepts.TestNGGroups -->
