<?xml version="1.0" encoding="UTF-8"?>
<!-- Generated by org.testng.reporters.JUnitReportReporter -->
<testsuite skipped="0" hostname="DESKTOP-T6FE9T1" name="tests.LoginTest" tests="1" failures="0" timestamp="03 Nov 2020 03:09:06 GMT" time="12.687" errors="0">
  <testcase name="loginToHotel" time="12.687" classname="tests.LoginTest"/>
</testsuite> <!-- tests.LoginTest -->
