<?xml version="1.0" encoding="UTF-8"?>
<!-- Generated by org.testng.reporters.JUnitReportReporter -->
<testsuite skipped="0" hostname="DESKTOP-T6FE9T1" name="testNG.concepts.TestNGAnnotations" tests="1" failures="0" timestamp="02 Nov 2020 04:17:37 GMT" time="0.004" errors="0">
  <testcase name="test_without_priority" time="0.004" classname="testNG.concepts.TestNGAnnotations"/>
</testsuite> <!-- testNG.concepts.TestNGAnnotations -->
