<?xml version="1.0" encoding="UTF-8"?>
<!-- Generated by org.testng.reporters.JUnitReportReporter -->
<testsuite skipped="0" hostname="DESKTOP-T6FE9T1" name="tests.LoginTest" tests="1" failures="0" timestamp="05 Nov 2020 01:06:21 GMT" time="22.293" errors="0">
  <testcase name="loginToHotel" time="22.293" classname="tests.LoginTest"/>
</testsuite> <!-- tests.LoginTest -->
